::1 - - [17/Jun/2024:12:04:42 +0200] "GET / HTTP/1.1" 200 1631
::1 - - [17/Jun/2024:12:04:46 +0200] "GET / HTTP/1.1" 200 1631
::1 - - [17/Jun/2024:12:04:46 +0200] "GET /favicon.ico HTTP/1.1" 404 209
::1 - - [17/Jun/2024:12:04:48 +0200] "GET /pagina1.php HTTP/1.1" 200 233
::1 - - [17/Jun/2024:12:04:54 +0200] "GET /pagina1.php HTTP/1.1" 200 233
::1 - - [17/Jun/2024:12:04:54 +0200] "GET /pagina4.php HTTP/1.1" 200 222
::1 - - [17/Jun/2024:12:05:00 +0200] "GET /phpmyadmin/ HTTP/1.1" 200 7992
::1 - - [17/Jun/2024:12:05:02 +0200] "GET /phpmyadmin/phpmyadmin.css.php?server=1&token=fb8d1e8b1b88aad0d970db8dea3f8419&nocache=4125195912ltr HTTP/1.1" 200 88608
::1 - - [17/Jun/2024:12:05:02 +0200] "GET /phpmyadmin/js/get_scripts.js.php?scripts[]=jquery/jquery-1.8.3.js&scripts[]=ajax.js&scripts[]=keyhandler.js&scripts[]=jquery/jquery-ui-1.9.2.custom.js&scripts[]=jquery/jquery.sprintf.js&scripts[]=jquery/jquery.cookie.js&scripts[]=jquery/jquery.mousewheel.js&scripts[]=jquery/jquery.event.drag-2.2.js&scripts[]=jquery/jquery-ui-timepicker-addon.js&scripts[]=jquery/jquery.ba-hashchange-1.3.js&scripts[]=jquery/jquery.debounce-1.0.5.js&scripts[]=jquery/jquery.menuResizer-1.0.js&scripts[]=rte.js&scripts[]=functions.js&scripts[]=navigation.js&scripts[]=indexes.js&scripts[]=common.js&scripts[]=codemirror/lib/codemirror.js&scripts[]=codemirror/mode/mysql/mysql.js HTTP/1.1" 200 578562
::1 - - [17/Jun/2024:12:05:02 +0200] "GET /phpmyadmin/js/messages.php?lang=nl&db=&server=0&token=2426a930d842fede4ca4f8e726236209 HTTP/1.1" 200 18194
::1 - - [17/Jun/2024:12:05:02 +0200] "GET /phpmyadmin/js/get_image.js.php?theme=pmahomme HTTP/1.1" 200 6263
::1 - - [17/Jun/2024:12:05:06 +0200] "POST /phpmyadmin/index.php HTTP/1.1" 302 -
::1 - - [17/Jun/2024:12:05:06 +0200] "GET /phpmyadmin/index.php?token=fb8d1e8b1b88aad0d970db8dea3f8419 HTTP/1.1" 200 45402
::1 - - [17/Jun/2024:12:05:07 +0200] "GET /phpmyadmin/js/messages.php?lang=nl&db=&server=0&token=fb8d1e8b1b88aad0d970db8dea3f8419 HTTP/1.1" 200 18194
::1 - - [17/Jun/2024:12:05:07 +0200] "GET /phpmyadmin/phpmyadmin.css.php?server=1&token=fb8d1e8b1b88aad0d970db8dea3f8419&nocache=5843814618ltr HTTP/1.1" 200 88608
::1 - - [17/Jun/2024:12:05:07 +0200] "GET /phpmyadmin/version_check.php?&_nocache=1718618707229844717 HTTP/1.1" 200 39
::1 - - [17/Jun/2024:12:05:08 +0200] "GET /phpmyadmin/db_structure.php?server=1&db=ecoquestadventures&token=fb8d1e8b1b88aad0d970db8dea3f8419&ajax_request=true&ajax_page_request=true&menuHashes=e6780116&_nocache=1718618708956671396 HTTP/1.1" 200 15990
::1 - - [17/Jun/2024:12:05:09 +0200] "GET /phpmyadmin/js/get_scripts.js.php?scripts[]=db_structure.js&scripts[]=tbl_change.js HTTP/1.1" 200 12382
::1 - - [17/Jun/2024:12:05:10 +0200] "GET /phpmyadmin/sql.php?db=ecoquestadventures&token=fb8d1e8b1b88aad0d970db8dea3f8419&goto=db_structure.php&table=synchronisatie&pos=0&ajax_request=true&ajax_page_request=true&menuHashes=e6780116-019c3bb9&_nocache=1718618710962526167 HTTP/1.1" 200 20792
::1 - - [17/Jun/2024:12:05:11 +0200] "GET /phpmyadmin/js/get_scripts.js.php?scripts[]=tbl_structure.js&scripts[]=gis_data_editor.js&scripts[]=makegrid.js&scripts[]=sql.js HTTP/1.1" 200 50287
::1 - - [17/Jun/2024:12:05:11 +0200] "GET /phpmyadmin/index.php?ajax_request=1&recent_table=1&token=fb8d1e8b1b88aad0d970db8dea3f8419 HTTP/1.1" 200 251
::1 - - [17/Jun/2024:12:05:53 +0200] "POST /pagina1.php HTTP/1.1" 302 -
::1 - - [17/Jun/2024:12:05:53 +0200] "GET /pagina2.php HTTP/1.1" 200 221
::1 - - [17/Jun/2024:12:05:53 +0200] "POST /pagina1.php HTTP/1.1" 302 -
::1 - - [17/Jun/2024:12:06:01 +0200] "GET /phpmyadmin/index.php?token=fb8d1e8b1b88aad0d970db8dea3f8419 HTTP/1.1" 200 45502
::1 - - [17/Jun/2024:12:06:01 +0200] "GET /phpmyadmin/sql.php?db=ecoquestadventures&table=synchronisatie&server=1&target=&token=fb8d1e8b1b88aad0d970db8dea3f8419 HTTP/1.1" 200 27822
::1 - - [17/Jun/2024:12:06:01 +0200] "GET /phpmyadmin/js/get_scripts.js.php?scripts[]=jquery/jquery-1.8.3.js&scripts[]=ajax.js&scripts[]=keyhandler.js&scripts[]=jquery/jquery-ui-1.9.2.custom.js&scripts[]=jquery/jquery.sprintf.js&scripts[]=jquery/jquery.cookie.js&scripts[]=jquery/jquery.mousewheel.js&scripts[]=jquery/jquery.event.drag-2.2.js&scripts[]=jquery/jquery-ui-timepicker-addon.js&scripts[]=jquery/jquery.ba-hashchange-1.3.js&scripts[]=jquery/jquery.debounce-1.0.5.js&scripts[]=jquery/jquery.menuResizer-1.0.js&scripts[]=rte.js&scripts[]=functions.js&scripts[]=navigation.js&scripts[]=indexes.js&scripts[]=common.js&scripts[]=tbl_change.js&scripts[]=tbl_structure.js&scripts[]=gis_data_editor.js&scripts[]=makegrid.js&scripts[]=sql.js&scripts[]=codemirror/lib/codemirror.js&scripts[]=codemirror/mode/mysql/mysql.js HTTP/1.1" 200 635864
::1 - - [17/Jun/2024:12:06:01 +0200] "GET /phpmyadmin/js/messages.php?lang=nl&db=ecoquestadventures&token=fb8d1e8b1b88aad0d970db8dea3f8419 HTTP/1.1" 200 18194
::1 - - [17/Jun/2024:12:06:01 +0200] "GET /phpmyadmin/index.php?ajax_request=1&recent_table=1&token=fb8d1e8b1b88aad0d970db8dea3f8419 HTTP/1.1" 200 251
::1 - - [17/Jun/2024:12:06:06 +0200] "GET /pagina4.php HTTP/1.1" 200 275
::1 - - [17/Jun/2024:12:06:08 +0200] "POST /pagina5.html HTTP/1.1" 200 252
::1 - - [17/Jun/2024:12:06:14 +0200] "GET /phpmyadmin/sql.php?db=ecoquestadventures&table=synchronisatie&server=1&target=&token=fb8d1e8b1b88aad0d970db8dea3f8419 HTTP/1.1" 200 27822
::1 - - [17/Jun/2024:12:06:14 +0200] "GET /phpmyadmin/sql.php?db=ecoquestadventures&table=synchronisatie&server=1&target=&token=fb8d1e8b1b88aad0d970db8dea3f8419 HTTP/1.1" 200 27822
::1 - - [17/Jun/2024:12:06:14 +0200] "GET /phpmyadmin/index.php?ajax_request=1&recent_table=1&token=fb8d1e8b1b88aad0d970db8dea3f8419 HTTP/1.1" 200 251
::1 - - [17/Jun/2024:12:06:16 +0200] "GET /phpmyadmin/sql.php?db=ecoquestadventures&table=synchronisatie&server=1&target=&token=fb8d1e8b1b88aad0d970db8dea3f8419 HTTP/1.1" 200 27822
::1 - - [17/Jun/2024:12:06:16 +0200] "GET /phpmyadmin/sql.php?db=ecoquestadventures&table=synchronisatie&server=1&target=&token=fb8d1e8b1b88aad0d970db8dea3f8419 HTTP/1.1" 200 27822
::1 - - [17/Jun/2024:12:06:17 +0200] "GET /phpmyadmin/index.php?ajax_request=1&recent_table=1&token=fb8d1e8b1b88aad0d970db8dea3f8419 HTTP/1.1" 200 251
::1 - - [17/Jun/2024:12:06:20 +0200] "POST /pagina6.php HTTP/1.1" 302 -
::1 - - [17/Jun/2024:12:06:20 +0200] "GET /pagina5.html HTTP/1.1" 200 252
::1 - - [17/Jun/2024:12:06:22 +0200] "POST /pagina6.php HTTP/1.1" 302 -
::1 - - [17/Jun/2024:12:06:22 +0200] "GET /pagina5.html HTTP/1.1" 304 -
::1 - - [17/Jun/2024:12:06:23 +0200] "POST /pagina6.php HTTP/1.1" 302 -
::1 - - [17/Jun/2024:12:06:23 +0200] "GET /pagina5.html HTTP/1.1" 304 -
::1 - - [17/Jun/2024:12:06:24 +0200] "POST /pagina6.php HTTP/1.1" 302 -
::1 - - [17/Jun/2024:12:06:24 +0200] "GET /pagina5.html HTTP/1.1" 304 -
::1 - - [17/Jun/2024:12:06:24 +0200] "POST /pagina6.php HTTP/1.1" 302 -
::1 - - [17/Jun/2024:12:06:24 +0200] "GET /pagina5.html HTTP/1.1" 304 -
::1 - - [17/Jun/2024:12:06:24 +0200] "POST /pagina6.php HTTP/1.1" 302 -
::1 - - [17/Jun/2024:12:06:24 +0200] "GET /pagina5.html HTTP/1.1" 304 -
::1 - - [17/Jun/2024:12:06:24 +0200] "POST /pagina6.php HTTP/1.1" 302 -
::1 - - [17/Jun/2024:12:06:24 +0200] "GET /pagina5.html HTTP/1.1" 304 -
::1 - - [17/Jun/2024:12:06:27 +0200] "POST /pagina6.php HTTP/1.1" 302 -
::1 - - [17/Jun/2024:12:06:27 +0200] "GET /pagina5.html HTTP/1.1" 304 -
::1 - - [17/Jun/2024:12:06:28 +0200] "POST /pagina6.php HTTP/1.1" 302 -
::1 - - [17/Jun/2024:12:06:28 +0200] "GET /pagina5.html HTTP/1.1" 304 -
::1 - - [17/Jun/2024:12:06:28 +0200] "POST /pagina6.php HTTP/1.1" 302 -
::1 - - [17/Jun/2024:12:06:28 +0200] "GET /pagina5.html HTTP/1.1" 304 -
::1 - - [17/Jun/2024:12:06:28 +0200] "POST /pagina6.php HTTP/1.1" 302 -
::1 - - [17/Jun/2024:12:06:28 +0200] "GET /pagina5.html HTTP/1.1" 304 -
::1 - - [17/Jun/2024:12:06:28 +0200] "POST /pagina6.php HTTP/1.1" 302 -
::1 - - [17/Jun/2024:12:06:28 +0200] "GET /pagina5.html HTTP/1.1" 304 -
::1 - - [17/Jun/2024:12:06:29 +0200] "POST /pagina6.php HTTP/1.1" 302 -
::1 - - [17/Jun/2024:12:06:29 +0200] "GET /pagina5.html HTTP/1.1" 304 -
::1 - - [17/Jun/2024:12:06:30 +0200] "GET /pagina2.php HTTP/1.1" 200 275
::1 - - [17/Jun/2024:12:06:31 +0200] "POST /pagina3.html HTTP/1.1" 200 171
::1 - - [17/Jun/2024:12:06:33 +0200] "GET /pagina5.html HTTP/1.1" 304 -
::1 - - [17/Jun/2024:12:06:34 +0200] "POST /pagina6.php HTTP/1.1" 302 -
::1 - - [17/Jun/2024:12:06:34 +0200] "GET /pagina5.html HTTP/1.1" 304 -
::1 - - [17/Jun/2024:12:06:36 +0200] "GET /phpmyadmin/sql.php?db=ecoquestadventures&table=synchronisatie&server=1&target=&token=fb8d1e8b1b88aad0d970db8dea3f8419 HTTP/1.1" 200 27821
::1 - - [17/Jun/2024:12:06:36 +0200] "GET /phpmyadmin/sql.php?db=ecoquestadventures&table=synchronisatie&server=1&target=&token=fb8d1e8b1b88aad0d970db8dea3f8419 HTTP/1.1" 200 27821
::1 - - [17/Jun/2024:12:06:36 +0200] "GET /phpmyadmin/index.php?ajax_request=1&recent_table=1&token=fb8d1e8b1b88aad0d970db8dea3f8419 HTTP/1.1" 200 251
::1 - - [17/Jun/2024:12:06:38 +0200] "POST /pagina6.php HTTP/1.1" 302 -
::1 - - [17/Jun/2024:12:06:38 +0200] "GET /pagina5.html HTTP/1.1" 304 -
::1 - - [17/Jun/2024:12:06:40 +0200] "POST /pagina6.php HTTP/1.1" 302 -
::1 - - [17/Jun/2024:12:06:40 +0200] "GET /pagina5.html HTTP/1.1" 304 -
::1 - - [17/Jun/2024:12:24:03 +0200] "GET /vakantiehuisjes/ HTTP/1.1" 200 1290
::1 - - [17/Jun/2024:12:24:03 +0200] "POST /pagina6.php HTTP/1.1" 302 -
::1 - - [17/Jun/2024:12:24:03 +0200] "GET /pagina5.html HTTP/1.1" 304 -
::1 - - [17/Jun/2024:12:24:20 +0200] "GET /vakantiehuisjes/eigenaartoevoegen.php HTTP/1.1" 200 249
::1 - - [17/Jun/2024:12:24:29 +0200] "GET /vakantiehuisjes/Vakantiehuisje.accdb HTTP/1.1" 200 495616
::1 - - [17/Jun/2024:12:24:33 +0200] "GET /vakantiehuisjes/huizentoevoegen.php HTTP/1.1" 200 247
::1 - - [17/Jun/2024:12:26:12 +0200] "GET /vakantiehuisjes/ HTTP/1.1" 200 1290
::1 - - [17/Jun/2024:12:26:12 +0200] "GET /vakantiehuisjes/ HTTP/1.1" 200 1290
::1 - - [17/Jun/2024:12:26:15 +0200] "GET /vakantiehuisjes/login%20(1).php HTTP/1.1" 200 67
::1 - - [17/Jun/2024:12:29:45 +0200] "GET /pagina1.php HTTP/1.1" 200 233
::1 - - [17/Jun/2024:12:29:45 +0200] "GET /pagina4.php HTTP/1.1" 200 222
::1 - - [17/Jun/2024:12:31:52 +0200] "POST /pagina1.php HTTP/1.1" 302 -
::1 - - [17/Jun/2024:13:25:23 +0200] "GET / HTTP/1.1" 200 1583
::1 - - [17/Jun/2024:13:25:23 +0200] "GET /phpmyadmin/ HTTP/1.1" 200 8153
::1 - - [17/Jun/2024:13:25:24 +0200] "GET /phpmyadmin/js/get_scripts.js.php?scripts[]=jquery/jquery-1.8.3.js&scripts[]=ajax.js&scripts[]=keyhandler.js&scripts[]=jquery/jquery-ui-1.9.2.custom.js&scripts[]=jquery/jquery.sprintf.js&scripts[]=jquery/jquery.cookie.js&scripts[]=jquery/jquery.mousewheel.js&scripts[]=jquery/jquery.event.drag-2.2.js&scripts[]=jquery/jquery-ui-timepicker-addon.js&scripts[]=jquery/jquery.ba-hashchange-1.3.js&scripts[]=jquery/jquery.debounce-1.0.5.js&scripts[]=jquery/jquery.menuResizer-1.0.js&scripts[]=rte.js&scripts[]=functions.js&scripts[]=navigation.js&scripts[]=indexes.js&scripts[]=common.js&scripts[]=codemirror/lib/codemirror.js&scripts[]=codemirror/mode/mysql/mysql.js HTTP/1.1" 200 578562
::1 - - [17/Jun/2024:13:25:28 +0200] "POST /phpmyadmin/index.php HTTP/1.1" 302 -
::1 - - [17/Jun/2024:13:25:28 +0200] "GET /phpmyadmin/index.php?token=fb8d1e8b1b88aad0d970db8dea3f8419 HTTP/1.1" 200 45502
::1 - - [17/Jun/2024:13:25:28 +0200] "GET /phpmyadmin/version_check.php?&_nocache=1718623528421675805 HTTP/1.1" 200 39
::1 - - [17/Jun/2024:13:25:30 +0200] "GET /phpmyadmin/db_structure.php?server=1&db=ecoquestadventures&token=fb8d1e8b1b88aad0d970db8dea3f8419&ajax_request=true&ajax_page_request=true&menuHashes=e6780116&_nocache=1718623530738144491 HTTP/1.1" 200 15990
::1 - - [17/Jun/2024:13:25:30 +0200] "GET /phpmyadmin/js/get_scripts.js.php?scripts[]=db_structure.js&scripts[]=tbl_change.js HTTP/1.1" 200 12382
